2022-01-27 14:58:29 INFO-Main window created successfully!
2022-01-27 14:58:46 INFO-User clicked on search
2022-01-27 14:58:46 INFO-Search path: G:\Ineuron\Merge PDFs Task\Task
2022-01-27 14:58:46 INFO-Total PDF(s): 0
2022-01-27 14:58:46 INFO-Directory information is displayed onto Text Area
2022-01-27 14:59:00 INFO-User clicked on Merge PDF
2022-01-27 14:59:00 INFO-Beginning the merging process: G:\Ineuron\Merge PDFs Task\Task
2022-01-27 14:59:02 ERROR-Merge Error!, No PDF to Merge
2022-01-27 14:59:17 INFO-User clicked on search
2022-01-27 14:59:17 INFO-Search path: G:\Ineuron\Merge PDFs Task\Task
2022-01-27 14:59:17 INFO-Total PDF(s): 4
2022-01-27 14:59:17 INFO-Directory information is displayed onto Text Area
2022-01-27 14:59:38 INFO-User clicked on Merge PDF
2022-01-27 14:59:38 INFO-Beginning the merging process: G:\Ineuron\Merge PDFs Task\Task
2022-01-27 14:59:40 INFO-Merge Completed
2022-01-27 15:07:00 INFO-Main window created successfully!
2022-01-27 15:07:12 INFO-User clicked on search
2022-01-27 15:07:12 INFO-Search path: G:\Ineuron\Merge PDFs Task\Task
2022-01-27 15:07:15 INFO-User clicked on search
2022-01-27 15:07:15 INFO-Search path: G:\Ineuron\Merge PDFs Task\Task
2022-01-27 15:07:15 INFO-User clicked on search
2022-01-27 15:07:15 INFO-Search path: G:\Ineuron\Merge PDFs Task\Task
2022-01-27 15:07:15 INFO-User clicked on search
2022-01-27 15:07:15 INFO-Search path: G:\Ineuron\Merge PDFs Task\Task
2022-01-27 15:07:16 INFO-User clicked on search
2022-01-27 15:07:16 INFO-Search path: G:\Ineuron\Merge PDFs Task\Task
2022-01-27 15:07:16 INFO-User clicked on search
2022-01-27 15:07:16 INFO-Search path: G:\Ineuron\Merge PDFs Task\Task
2022-01-27 15:07:16 INFO-User clicked on search
2022-01-27 15:07:16 INFO-Search path: G:\Ineuron\Merge PDFs Task\Task
2022-01-27 15:07:16 INFO-User clicked on search
2022-01-27 15:07:16 INFO-Search path: G:\Ineuron\Merge PDFs Task\Task
2022-01-27 15:07:38 INFO-User clicked on search
2022-01-27 15:07:38 INFO-Search path: G:\Ineuron\Merge PDFs Task\Task
2022-01-27 15:07:40 INFO-Main window created successfully!
2022-01-27 15:07:55 INFO-User clicked on search
2022-01-27 15:07:55 INFO-Search path: G:\Ineuron\Merge PDFs Task\Task
2022-01-27 15:07:55 INFO-Total PDF(s): 5
2022-01-27 15:07:55 INFO-Directory information is displayed onto Text Area
2022-01-27 15:09:11 INFO-Main window created successfully!
2022-01-27 15:09:46 INFO-Main window created successfully!
2022-01-27 15:09:49 INFO-User clicked on search
2022-01-27 15:09:49 INFO-Search path: G:\Ineuron\Merge PDFs Task\Task
2022-01-27 15:09:49 INFO-Total PDF(s): 5
2022-01-27 15:09:49 INFO-Directory information is displayed onto Text Area
2022-01-27 15:16:14 INFO-Main window created successfully!
2022-01-27 15:16:22 INFO-User clicked on search
2022-01-27 15:16:22 INFO-Search path: G:\Ineuron\Merge PDFs Task\Task
2022-01-27 15:16:22 INFO-Total PDF(s): 5
2022-01-27 15:16:22 INFO-Directory information is displayed onto Text Area
2022-01-27 15:16:29 INFO-User clicked on search
2022-01-27 15:16:29 INFO-Search path: G:\Ineuron\Merge PDFs Task
2022-01-27 15:16:29 INFO-Total PDF(s): 0
2022-01-27 15:16:29 INFO-Directory information is displayed onto Text Area
2022-01-27 15:16:32 INFO-User clicked on search
2022-01-27 15:16:32 INFO-Search path: G:\Ineuron\Merge PDFs Task
2022-01-27 15:16:32 INFO-Total PDF(s): 0
2022-01-27 15:16:32 INFO-Directory information is displayed onto Text Area
2022-01-27 15:16:32 INFO-User clicked on search
2022-01-27 15:16:32 INFO-Search path: G:\Ineuron\Merge PDFs Task
2022-01-27 15:16:32 INFO-Total PDF(s): 0
2022-01-27 15:16:32 INFO-Directory information is displayed onto Text Area
2022-01-27 15:16:32 INFO-User clicked on search
2022-01-27 15:16:32 INFO-Search path: G:\Ineuron\Merge PDFs Task
2022-01-27 15:16:32 INFO-Total PDF(s): 0
2022-01-27 15:16:32 INFO-Directory information is displayed onto Text Area
2022-01-27 15:16:32 INFO-User clicked on search
2022-01-27 15:16:32 INFO-Search path: G:\Ineuron\Merge PDFs Task
2022-01-27 15:16:32 INFO-Total PDF(s): 0
2022-01-27 15:16:32 INFO-Directory information is displayed onto Text Area
2022-01-27 15:16:32 INFO-User clicked on search
2022-01-27 15:16:32 INFO-Search path: G:\Ineuron\Merge PDFs Task
2022-01-27 15:16:32 INFO-Total PDF(s): 0
2022-01-27 15:16:32 INFO-Directory information is displayed onto Text Area
2022-01-27 15:16:33 INFO-User clicked on search
2022-01-27 15:16:33 INFO-Search path: G:\Ineuron\Merge PDFs Task
2022-01-27 15:16:33 INFO-Total PDF(s): 0
2022-01-27 15:16:33 INFO-Directory information is displayed onto Text Area
2022-01-27 15:16:33 INFO-User clicked on search
2022-01-27 15:16:33 INFO-Search path: G:\Ineuron\Merge PDFs Task
2022-01-27 15:16:33 INFO-Total PDF(s): 0
2022-01-27 15:16:33 INFO-Directory information is displayed onto Text Area
2022-01-27 15:16:43 INFO-User clicked on search
2022-01-27 15:16:43 INFO-Search path: G:\Ineuron\Merge PDFs Task\Task
2022-01-27 15:16:43 INFO-Total PDF(s): 5
2022-01-27 15:16:43 INFO-Directory information is displayed onto Text Area
2022-01-27 15:16:55 INFO-User clicked on search
2022-01-27 15:16:55 INFO-Search path: G:\Ineuron\Merge PDFs Task\Task
2022-01-27 15:16:55 INFO-Total PDF(s): 4
2022-01-27 15:16:55 INFO-Directory information is displayed onto Text Area
2022-01-27 15:16:59 INFO-User clicked on Merge PDF
2022-01-27 15:16:59 INFO-Beginning the merging process: G:\Ineuron\Merge PDFs Task\Task
2022-01-27 15:17:01 INFO-Merge Completed
2022-01-27 15:17:01 INFO-Merged PDF File Name: Merged-PDF
2022-01-27 15:17:03 INFO-User clicked on search
2022-01-27 15:17:03 INFO-Search path: G:\Ineuron\Merge PDFs Task\Task
2022-01-27 15:17:03 INFO-Total PDF(s): 5
2022-01-27 15:17:03 INFO-Directory information is displayed onto Text Area
2022-01-27 15:17:18 INFO-User clicked on search
2022-01-27 15:17:18 INFO-Search path: G:\Ineuron\Merge PDFs Task\Task
2022-01-27 15:17:18 INFO-Total PDF(s): 4
2022-01-27 15:17:18 INFO-Directory information is displayed onto Text Area
2022-01-27 15:17:25 INFO-User clicked on search
2022-01-27 15:17:25 INFO-Search path: G:\Ineuron\Merge PDFs Task\Task
2022-01-27 15:17:25 INFO-Total PDF(s): 0
2022-01-27 15:17:25 INFO-Directory information is displayed onto Text Area
2022-01-27 15:17:27 INFO-User clicked on Merge PDF
2022-01-27 15:17:27 INFO-Beginning the merging process: G:\Ineuron\Merge PDFs Task\Task
2022-01-27 15:17:28 ERROR-Merge Error!, No PDF to Merge
